<?xml version="1.0" encoding="UTF-8"?>
<!-- Generated by org.testng.reporters.JUnitReportReporter -->
<testsuite hostname="vip-PC" name="xmlcases.RegisterAndLogin" tests="1" failures="0" timestamp="28 Aug 2014 07:45:14 GMT" time="12.185" errors="0">
  <testcase name="RegisterAndLogin_OK" time="12.185" classname="xmlcases.RegisterAndLogin"/>
</testsuite> <!-- xmlcases.RegisterAndLogin -->
