<?xml version="1.0" encoding="UTF-8"?>
<!-- Generated by org.testng.reporters.JUnitReportReporter -->
<testsuite hostname="vip-PC" name="xmlcasesNeptune.VerifyingProductPrice" tests="1" failures="0" timestamp="28 Aug 2014 10:23:06 GMT" time="14.422" errors="0">
  <testcase name="VerifyingProductPrice_OK" time="14.422" classname="xmlcasesNeptune.VerifyingProductPrice"/>
</testsuite> <!-- xmlcasesNeptune.VerifyingProductPrice -->
