<?xml version="1.0" encoding="UTF-8"?>
<!-- Generated by org.testng.reporters.JUnitReportReporter -->
<testsuite hostname="vip-PC" name="xmlcases.OrderManage" tests="1" failures="0" timestamp="28 Aug 2014 10:27:00 GMT" time="22.644" errors="0">
  <testcase name="OrderManage_ok" time="22.644" classname="xmlcases.OrderManage"/>
</testsuite> <!-- xmlcases.OrderManage -->
