<?xml version="1.0" encoding="UTF-8"?>
<!-- Generated by org.testng.reporters.JUnitReportReporter -->
<testsuite hostname="vip-PC" name="xmlcasesNeptune.LoginNepture" tests="1" failures="0" timestamp="27 Aug 2014 06:13:05 GMT" time="9.103" errors="0">
  <testcase name="LoginNepture_OK" time="9.103" classname="xmlcasesNeptune.LoginNepture"/>
</testsuite> <!-- xmlcasesNeptune.LoginNepture -->
