<?xml version="1.0" encoding="UTF-8"?>
<!-- Generated by org.testng.reporters.JUnitReportReporter -->
<testsuite hostname="vip-PC" name="xmlcases.MemberInfo" tests="1" failures="0" timestamp="22 Aug 2014 06:40:09 GMT" time="23.896" errors="0">
  <testcase name="MemberInfo_OK" time="23.896" classname="xmlcases.MemberInfo"/>
</testsuite> <!-- xmlcases.MemberInfo -->
