<?xml version="1.0" encoding="UTF-8"?>
<!-- Generated by org.testng.reporters.JUnitReportReporter -->
<testsuite hostname="PC-201406211344" name="cases.LoginTest" tests="1" failures="0" timestamp="19 Aug 2014 08:49:27 GMT" time="4.053" errors="0">
  <testcase name="login_ok_bySQL" time="4.053" classname="cases.LoginTest"/>
</testsuite> <!-- cases.LoginTest -->
