<?xml version="1.0" encoding="UTF-8"?>
<!-- Generated by org.testng.reporters.JUnitReportReporter -->
<testsuite hostname="vip-PC" name="xmlcases.FinanceProductCreation" tests="1" failures="0" timestamp="28 Aug 2014 10:18:25 GMT" time="12.640" errors="0">
  <testcase name="FinanceProductCreation_ok" time="12.640" classname="xmlcases.FinanceProductCreation"/>
</testsuite> <!-- xmlcases.FinanceProductCreation -->
