<?xml version="1.0" encoding="UTF-8"?>
<!-- Generated by org.testng.reporters.JUnitReportReporter -->
<testsuite hostname="PC-201406211344" name="xmlcases.LoginTest1" tests="2" failures="0" timestamp="20 Aug 2014 07:47:11 GMT" time="20.369" errors="0">
  <testcase name="Login_ok" time="10.067" classname="xmlcases.LoginTest1"/>
  <testcase name="Login_ok" time="10.302" classname="xmlcases.LoginTest1"/>
</testsuite> <!-- xmlcases.LoginTest1 -->
