<?xml version="1.0" encoding="UTF-8"?>
<!-- Generated by org.testng.reporters.JUnitReportReporter -->
<testsuite hostname="vip-PC" name="xmlcases.CheckMemberInfo" tests="1" failures="0" timestamp="28 Aug 2014 07:45:14 GMT" time="14.102" errors="0">
  <testcase name="MemberInfo_AllOK" time="14.102" classname="xmlcases.CheckMemberInfo"/>
</testsuite> <!-- xmlcases.CheckMemberInfo -->
