<?xml version="1.0" encoding="UTF-8"?>
<!-- Generated by org.testng.reporters.JUnitReportReporter -->
<testsuite hostname="vip-PC" name="xmlcases.PostedAssets" tests="1" failures="0" timestamp="28 Aug 2014 08:30:02 GMT" time="18.664" errors="0">
  <testcase name="PostedAssets_Ok" time="18.664" classname="xmlcases.PostedAssets"/>
</testsuite> <!-- xmlcases.PostedAssets -->
