<?xml version="1.0" encoding="UTF-8"?>
<!-- Generated by org.testng.reporters.JUnitReportReporter -->
<testsuite hostname="vip-PC" name="xmlcases.CustomerManager" tests="1" failures="0" timestamp="28 Aug 2014 08:09:50 GMT" time="9.696" errors="0">
  <testcase name="CustomerManager_ok" time="9.696" classname="xmlcases.CustomerManager"/>
</testsuite> <!-- xmlcases.CustomerManager -->
